<?xml version="1.0" encoding="UTF-8"?>
<!-- Generated by org.testng.reporters.JUnitXMLReporter -->
<testsuite ignored="0" hostname="Mac.lan" failures="0" tests="4" name="FirstRun" time="20.629" errors="0" timestamp="2025-06-03T02:21:01 IST">
  <testcase classname="com.hybridframework.testcases.login.LoginTest" name="verifyLoginWithValidCredential" time="1.595"/>
  <testcase classname="com.hybridframework.testcases.login.LoginTest" name="verifyLoginWithValidCredential" time="1.537"/>
  <testcase classname="com.hybridframework.testcases.login.LoginTest" name="verifyLoginWithValidCredential" time="1.361"/>
  <testcase classname="com.hybridframework.testcases.login.LoginTest" name="verifyLoginWithInvalidCredential" time="1.773"/>
</testsuite> <!-- FirstRun -->
