<?xml version="1.0" encoding="UTF-8"?>
<testng-results ignored="0" total="4" passed="4" failed="0" skipped="0">
  <reporter-output>
  </reporter-output>
  <suite started-at="2025-06-03T02:20:40 IST" name="Suite1" finished-at="2025-06-03T02:21:01 IST" duration-ms="20629">
    <groups>
    </groups>
    <test started-at="2025-06-03T02:20:40 IST" name="FirstRun" finished-at="2025-06-03T02:21:01 IST" duration-ms="20629">
      <class name="com.hybridframework.testcases.login.LoginTest">
        <test-method is-config="true" signature="setUp(java.lang.String)[pri:0, instance:com.hybridframework.testcases.login.LoginTest@72758afa]" started-at="2025-06-03T02:20:40 IST" name="setUp" finished-at="2025-06-03T02:20:46 IST" duration-ms="5277" status="PASS">
          <params>
            <param index="0">
              <value>
                <![CDATA[chrome]]>
              </value>
            </param>
          </params>
          <reporter-output>
          </reporter-output>
        </test-method> <!-- setUp -->
        <test-method is-config="true" signature="initializePageObjects()[pri:0, instance:com.hybridframework.testcases.login.LoginTest@72758afa]" started-at="2025-06-03T02:20:46 IST" name="initializePageObjects" finished-at="2025-06-03T02:20:46 IST" duration-ms="12" status="PASS">
          <reporter-output>
          </reporter-output>
        </test-method> <!-- initializePageObjects -->
        <test-method signature="verifyLoginWithValidCredential(java.lang.String,java.lang.String,java.lang.String)[pri:1, instance:com.hybridframework.testcases.login.LoginTest@72758afa]" started-at="2025-06-03T02:20:46 IST" name="verifyLoginWithValidCredential" data-provider="excelDataProvider" finished-at="2025-06-03T02:20:47 IST" duration-ms="1595" status="PASS">
          <params>
            <param index="0">
              <value>
                <![CDATA[krishav@gmail.com]]>
              </value>
            </param>
            <param index="1">
              <value>
                <![CDATA[12345]]>
              </value>
            </param>
            <param index="2">
              <value>
                <![CDATA[Success]]>
              </value>
            </param>
          </params>
          <reporter-output>
          </reporter-output>
        </test-method> <!-- verifyLoginWithValidCredential -->
        <test-method is-config="true" signature="tearDown()[pri:0, instance:com.hybridframework.testcases.login.LoginTest@72758afa]" started-at="2025-06-03T02:20:47 IST" name="tearDown" finished-at="2025-06-03T02:20:47 IST" duration-ms="90" status="PASS">
          <reporter-output>
          </reporter-output>
        </test-method> <!-- tearDown -->
        <test-method is-config="true" signature="setUp(java.lang.String)[pri:0, instance:com.hybridframework.testcases.login.LoginTest@72758afa]" started-at="2025-06-03T02:20:47 IST" name="setUp" finished-at="2025-06-03T02:20:50 IST" duration-ms="2799" status="PASS">
          <params>
            <param index="0">
              <value>
                <![CDATA[chrome]]>
              </value>
            </param>
          </params>
          <reporter-output>
          </reporter-output>
        </test-method> <!-- setUp -->
        <test-method is-config="true" signature="initializePageObjects()[pri:0, instance:com.hybridframework.testcases.login.LoginTest@72758afa]" started-at="2025-06-03T02:20:50 IST" name="initializePageObjects" finished-at="2025-06-03T02:20:50 IST" duration-ms="2" status="PASS">
          <reporter-output>
          </reporter-output>
        </test-method> <!-- initializePageObjects -->
        <test-method signature="verifyLoginWithValidCredential(java.lang.String,java.lang.String,java.lang.String)[pri:1, instance:com.hybridframework.testcases.login.LoginTest@72758afa]" started-at="2025-06-03T02:20:50 IST" name="verifyLoginWithValidCredential" data-provider="excelDataProvider" finished-at="2025-06-03T02:20:52 IST" duration-ms="1537" status="PASS">
          <params>
            <param index="0">
              <value>
                <![CDATA[krishav13564@gmail.com]]>
              </value>
            </param>
            <param index="1">
              <value>
                <![CDATA[45456]]>
              </value>
            </param>
            <param index="2">
              <value>
                <![CDATA[Failure]]>
              </value>
            </param>
          </params>
          <reporter-output>
          </reporter-output>
        </test-method> <!-- verifyLoginWithValidCredential -->
        <test-method is-config="true" signature="tearDown()[pri:0, instance:com.hybridframework.testcases.login.LoginTest@72758afa]" started-at="2025-06-03T02:20:52 IST" name="tearDown" finished-at="2025-06-03T02:20:52 IST" duration-ms="82" status="PASS">
          <reporter-output>
          </reporter-output>
        </test-method> <!-- tearDown -->
        <test-method is-config="true" signature="setUp(java.lang.String)[pri:0, instance:com.hybridframework.testcases.login.LoginTest@72758afa]" started-at="2025-06-03T02:20:52 IST" name="setUp" finished-at="2025-06-03T02:20:55 IST" duration-ms="2498" status="PASS">
          <params>
            <param index="0">
              <value>
                <![CDATA[chrome]]>
              </value>
            </param>
          </params>
          <reporter-output>
          </reporter-output>
        </test-method> <!-- setUp -->
        <test-method is-config="true" signature="initializePageObjects()[pri:0, instance:com.hybridframework.testcases.login.LoginTest@72758afa]" started-at="2025-06-03T02:20:55 IST" name="initializePageObjects" finished-at="2025-06-03T02:20:55 IST" duration-ms="3" status="PASS">
          <reporter-output>
          </reporter-output>
        </test-method> <!-- initializePageObjects -->
        <test-method signature="verifyLoginWithValidCredential(java.lang.String,java.lang.String,java.lang.String)[pri:1, instance:com.hybridframework.testcases.login.LoginTest@72758afa]" started-at="2025-06-03T02:20:55 IST" name="verifyLoginWithValidCredential" data-provider="excelDataProvider" finished-at="2025-06-03T02:20:56 IST" duration-ms="1361" status="PASS">
          <params>
            <param index="0">
              <value>
                <![CDATA[krishav232454@gmail.com]]>
              </value>
            </param>
            <param index="1">
              <value>
                <![CDATA[3343454]]>
              </value>
            </param>
            <param index="2">
              <value>
                <![CDATA[Failure]]>
              </value>
            </param>
          </params>
          <reporter-output>
          </reporter-output>
        </test-method> <!-- verifyLoginWithValidCredential -->
        <test-method is-config="true" signature="tearDown()[pri:0, instance:com.hybridframework.testcases.login.LoginTest@72758afa]" started-at="2025-06-03T02:20:56 IST" name="tearDown" finished-at="2025-06-03T02:20:56 IST" duration-ms="80" status="PASS">
          <reporter-output>
          </reporter-output>
        </test-method> <!-- tearDown -->
        <test-method is-config="true" signature="setUp(java.lang.String)[pri:0, instance:com.hybridframework.testcases.login.LoginTest@72758afa]" started-at="2025-06-03T02:20:56 IST" name="setUp" finished-at="2025-06-03T02:20:59 IST" duration-ms="2475" status="PASS">
          <params>
            <param index="0">
              <value>
                <![CDATA[chrome]]>
              </value>
            </param>
          </params>
          <reporter-output>
          </reporter-output>
        </test-method> <!-- setUp -->
        <test-method is-config="true" signature="initializePageObjects()[pri:0, instance:com.hybridframework.testcases.login.LoginTest@72758afa]" started-at="2025-06-03T02:20:59 IST" name="initializePageObjects" finished-at="2025-06-03T02:20:59 IST" duration-ms="2" status="PASS">
          <reporter-output>
          </reporter-output>
        </test-method> <!-- initializePageObjects -->
        <test-method signature="verifyLoginWithInvalidCredential()[pri:2, instance:com.hybridframework.testcases.login.LoginTest@72758afa]" started-at="2025-06-03T02:20:59 IST" name="verifyLoginWithInvalidCredential" finished-at="2025-06-03T02:21:00 IST" duration-ms="1773" status="PASS">
          <reporter-output>
          </reporter-output>
        </test-method> <!-- verifyLoginWithInvalidCredential -->
        <test-method is-config="true" signature="tearDown()[pri:0, instance:com.hybridframework.testcases.login.LoginTest@72758afa]" started-at="2025-06-03T02:21:01 IST" name="tearDown" finished-at="2025-06-03T02:21:01 IST" duration-ms="83" status="PASS">
          <reporter-output>
          </reporter-output>
        </test-method> <!-- tearDown -->
        <test-method is-config="true" signature="cleanupData()[pri:0, instance:com.hybridframework.testcases.login.LoginTest@72758afa]" started-at="2025-06-03T02:21:01 IST" name="cleanupData" finished-at="2025-06-03T02:21:01 IST" duration-ms="0" status="PASS">
          <reporter-output>
          </reporter-output>
        </test-method> <!-- cleanupData -->
      </class> <!-- com.hybridframework.testcases.login.LoginTest -->
    </test> <!-- FirstRun -->
  </suite> <!-- Suite1 -->
</testng-results>
